2022-04-06 16:55:19 0 [Note] InnoDB: Mutexes and rw_locks use Windows interlocked functions
2022-04-06 16:55:19 0 [Note] InnoDB: Uses event mutexes
2022-04-06 16:55:19 0 [Note] InnoDB: Compressed tables use zlib 1.2.11
2022-04-06 16:55:19 0 [Note] InnoDB: Number of pools: 1
2022-04-06 16:55:19 0 [Note] InnoDB: Using SSE2 crc32 instructions
2022-04-06 16:55:19 0 [Note] InnoDB: Initializing buffer pool, total size = 16M, instances = 1, chunk size = 16M
2022-04-06 16:55:19 0 [Note] InnoDB: Completed initialization of buffer pool
2022-04-06 16:55:19 0 [Note] InnoDB: Starting crash recovery from checkpoint LSN=300288
2022-04-06 16:55:19 0 [Note] InnoDB: 128 out of 128 rollback segments are active.
2022-04-06 16:55:19 0 [Note] InnoDB: Removed temporary tablespace data file: "ibtmp1"
2022-04-06 16:55:19 0 [Note] InnoDB: Creating shared tablespace for temporary tables
2022-04-06 16:55:19 0 [Note] InnoDB: Setting file 'C:\xampp\mysql\data\ibtmp1' size to 12 MB. Physically writing the file full; Please wait ...
2022-04-06 16:55:19 0 [Note] InnoDB: File 'C:\xampp\mysql\data\ibtmp1' size is now 12 MB.
2022-04-06 16:55:19 0 [Note] InnoDB: Waiting for purge to start
2022-04-06 16:55:19 0 [Note] InnoDB: 10.4.24 started; log sequence number 300297; transaction id 170
2022-04-06 16:55:19 0 [Note] InnoDB: Loading buffer pool(s) from C:\xampp\mysql\data\ib_buffer_pool
2022-04-06 16:55:19 0 [Note] Plugin 'FEEDBACK' is disabled.
2022-04-06 16:55:19 0 [Note] InnoDB: Buffer pool(s) load completed at 220406 16:55:19
2022-04-06 16:55:19 0 [Note] Server socket created on IP: '::'.
2022-04-11  2:32:35 0 [Note] InnoDB: Mutexes and rw_locks use Windows interlocked functions
2022-04-11  2:32:35 0 [Note] InnoDB: Uses event mutexes
2022-04-11  2:32:35 0 [Note] InnoDB: Compressed tables use zlib 1.2.11
2022-04-11  2:32:35 0 [Note] InnoDB: Number of pools: 1
2022-04-11  2:32:35 0 [Note] InnoDB: Using SSE2 crc32 instructions
2022-04-11  2:32:35 0 [Note] InnoDB: Initializing buffer pool, total size = 16M, instances = 1, chunk size = 16M
2022-04-11  2:32:35 0 [Note] InnoDB: Completed initialization of buffer pool
2022-04-11  2:32:35 0 [Note] InnoDB: Starting crash recovery from checkpoint LSN=300306
2022-04-11  2:32:36 0 [Note] InnoDB: 128 out of 128 rollback segments are active.
2022-04-11  2:32:36 0 [Note] InnoDB: Removed temporary tablespace data file: "ibtmp1"
2022-04-11  2:32:36 0 [Note] InnoDB: Creating shared tablespace for temporary tables
2022-04-11  2:32:36 0 [Note] InnoDB: Setting file 'C:\xampp\mysql\data\ibtmp1' size to 12 MB. Physically writing the file full; Please wait ...
2022-04-11  2:32:36 0 [Note] InnoDB: File 'C:\xampp\mysql\data\ibtmp1' size is now 12 MB.
2022-04-11  2:32:36 0 [Note] InnoDB: Waiting for purge to start
2022-04-11  2:32:36 0 [Note] InnoDB: 10.4.24 started; log sequence number 300315; transaction id 170
2022-04-11  2:32:36 0 [Note] InnoDB: Loading buffer pool(s) from C:\xampp\mysql\data\ib_buffer_pool
2022-04-11  2:32:36 0 [Note] InnoDB: Buffer pool(s) load completed at 220411  2:32:36
2022-04-11  2:32:36 0 [Note] Plugin 'FEEDBACK' is disabled.
2022-04-11  2:32:37 0 [Note] Server socket created on IP: '::'.
2022-04-11  2:47:30 0 [Note] InnoDB: Mutexes and rw_locks use Windows interlocked functions
2022-04-11  2:47:30 0 [Note] InnoDB: Uses event mutexes
2022-04-11  2:47:30 0 [Note] InnoDB: Compressed tables use zlib 1.2.11
2022-04-11  2:47:30 0 [Note] InnoDB: Number of pools: 1
2022-04-11  2:47:30 0 [Note] InnoDB: Using SSE2 crc32 instructions
2022-04-11  2:47:30 0 [Note] InnoDB: Initializing buffer pool, total size = 16M, instances = 1, chunk size = 16M
2022-04-11  2:47:30 0 [Note] InnoDB: Completed initialization of buffer pool
2022-04-11  2:47:30 0 [Note] InnoDB: Starting crash recovery from checkpoint LSN=300324
2022-04-11  2:47:31 0 [Note] InnoDB: 128 out of 128 rollback segments are active.
2022-04-11  2:47:31 0 [Note] InnoDB: Removed temporary tablespace data file: "ibtmp1"
2022-04-11  2:47:31 0 [Note] InnoDB: Creating shared tablespace for temporary tables
2022-04-11  2:47:31 0 [Note] InnoDB: Setting file 'C:\xampp\mysql\data\ibtmp1' size to 12 MB. Physically writing the file full; Please wait ...
2022-04-11  2:47:31 0 [Note] InnoDB: File 'C:\xampp\mysql\data\ibtmp1' size is now 12 MB.
2022-04-11  2:47:31 0 [Note] InnoDB: Waiting for purge to start
2022-04-11  2:47:31 0 [Note] InnoDB: 10.4.24 started; log sequence number 300333; transaction id 170
2022-04-11  2:47:31 0 [Note] InnoDB: Loading buffer pool(s) from C:\xampp\mysql\data\ib_buffer_pool
2022-04-11  2:47:31 0 [Note] Plugin 'FEEDBACK' is disabled.
2022-04-11  2:47:31 0 [Note] Server socket created on IP: '::'.
2022-04-13 21:15:13 0 [Note] InnoDB: Mutexes and rw_locks use Windows interlocked functions
2022-04-13 21:15:13 0 [Note] InnoDB: Uses event mutexes
2022-04-13 21:15:13 0 [Note] InnoDB: Compressed tables use zlib 1.2.11
2022-04-13 21:15:13 0 [Note] InnoDB: Number of pools: 1
2022-04-13 21:15:13 0 [Note] InnoDB: Using SSE2 crc32 instructions
2022-04-13 21:15:13 0 [Note] InnoDB: Initializing buffer pool, total size = 16M, instances = 1, chunk size = 16M
2022-04-13 21:15:13 0 [Note] InnoDB: Completed initialization of buffer pool
2022-04-13 21:15:13 0 [Note] InnoDB: Starting crash recovery from checkpoint LSN=1196889
2022-04-13 21:15:13 0 [Note] InnoDB: 128 out of 128 rollback segments are active.
2022-04-13 21:15:13 0 [Note] InnoDB: Removed temporary tablespace data file: "ibtmp1"
2022-04-13 21:15:13 0 [Note] InnoDB: Creating shared tablespace for temporary tables
2022-04-13 21:15:13 0 [Note] InnoDB: Setting file 'C:\xampp\mysql\data\ibtmp1' size to 12 MB. Physically writing the file full; Please wait ...
2022-04-13 21:15:13 0 [Note] InnoDB: File 'C:\xampp\mysql\data\ibtmp1' size is now 12 MB.
2022-04-13 21:15:13 0 [Note] InnoDB: Waiting for purge to start
2022-04-13 21:15:13 0 [Note] InnoDB: 10.4.22 started; log sequence number 1196898; transaction id 548
2022-04-13 21:15:13 0 [Note] InnoDB: Loading buffer pool(s) from C:\xampp\mysql\data\ib_buffer_pool
2022-04-13 21:15:13 0 [Note] Plugin 'FEEDBACK' is disabled.
2022-04-13 21:15:13 0 [Note] InnoDB: Buffer pool(s) load completed at 220413 21:15:13
2022-04-13 21:15:13 0 [Note] Server socket created on IP: '::'.
2022-04-13 21:38:24 0 [Note] InnoDB: Mutexes and rw_locks use Windows interlocked functions
2022-04-13 21:38:24 0 [Note] InnoDB: Uses event mutexes
2022-04-13 21:38:24 0 [Note] InnoDB: Compressed tables use zlib 1.2.11
2022-04-13 21:38:24 0 [Note] InnoDB: Number of pools: 1
2022-04-13 21:38:24 0 [Note] InnoDB: Using SSE2 crc32 instructions
2022-04-13 21:38:24 0 [Note] InnoDB: Initializing buffer pool, total size = 16M, instances = 1, chunk size = 16M
2022-04-13 21:38:24 0 [Note] InnoDB: Completed initialization of buffer pool
2022-04-13 21:38:24 0 [Note] InnoDB: Starting crash recovery from checkpoint LSN=1197224
2022-04-13 21:38:24 0 [Note] InnoDB: 128 out of 128 rollback segments are active.
2022-04-13 21:38:24 0 [Note] InnoDB: Removed temporary tablespace data file: "ibtmp1"
2022-04-13 21:38:24 0 [Note] InnoDB: Creating shared tablespace for temporary tables
2022-04-13 21:38:24 0 [Note] InnoDB: Setting file 'C:\xampp\mysql\data\ibtmp1' size to 12 MB. Physically writing the file full; Please wait ...
2022-04-13 21:38:24 0 [Note] InnoDB: File 'C:\xampp\mysql\data\ibtmp1' size is now 12 MB.
2022-04-13 21:38:24 0 [Note] InnoDB: Waiting for purge to start
2022-04-13 21:38:24 0 [Note] InnoDB: 10.4.22 started; log sequence number 1197233; transaction id 571
2022-04-13 21:38:24 0 [Note] InnoDB: Loading buffer pool(s) from C:\xampp\mysql\data\ib_buffer_pool
2022-04-13 21:38:24 0 [Note] Plugin 'FEEDBACK' is disabled.
2022-04-13 21:38:24 0 [Note] Server socket created on IP: '::'.
2022-04-13 23:12:34 0 [Note] InnoDB: Mutexes and rw_locks use Windows interlocked functions
2022-04-13 23:12:34 0 [Note] InnoDB: Uses event mutexes
2022-04-13 23:12:34 0 [Note] InnoDB: Compressed tables use zlib 1.2.11
2022-04-13 23:12:34 0 [Note] InnoDB: Number of pools: 1
2022-04-13 23:12:34 0 [Note] InnoDB: Using SSE2 crc32 instructions
2022-04-13 23:12:34 0 [Note] InnoDB: Initializing buffer pool, total size = 16M, instances = 1, chunk size = 16M
2022-04-13 23:12:34 0 [Note] InnoDB: Completed initialization of buffer pool
2022-04-13 23:12:34 0 [Note] InnoDB: Starting crash recovery from checkpoint LSN=1936339
2022-04-13 23:12:34 0 [Note] InnoDB: 128 out of 128 rollback segments are active.
2022-04-13 23:12:34 0 [Note] InnoDB: Removed temporary tablespace data file: "ibtmp1"
2022-04-13 23:12:34 0 [Note] InnoDB: Creating shared tablespace for temporary tables
2022-04-13 23:12:34 0 [Note] InnoDB: Setting file 'C:\xampp\mysql\data\ibtmp1' size to 12 MB. Physically writing the file full; Please wait ...
2022-04-13 23:12:34 0 [Note] InnoDB: File 'C:\xampp\mysql\data\ibtmp1' size is now 12 MB.
2022-04-13 23:12:34 0 [Note] InnoDB: Waiting for purge to start
2022-04-13 23:12:34 0 [Note] InnoDB: 10.4.22 started; log sequence number 1936348; transaction id 742
2022-04-13 23:12:34 0 [Note] InnoDB: Loading buffer pool(s) from C:\xampp\mysql\data\ib_buffer_pool
2022-04-13 23:12:34 0 [Note] Plugin 'FEEDBACK' is disabled.
2022-04-13 23:12:34 0 [Note] Server socket created on IP: '::'.
2022-04-13 23:16:32 0 [Note] InnoDB: Mutexes and rw_locks use Windows interlocked functions
2022-04-13 23:16:32 0 [Note] InnoDB: Uses event mutexes
2022-04-13 23:16:32 0 [Note] InnoDB: Compressed tables use zlib 1.2.11
2022-04-13 23:16:32 0 [Note] InnoDB: Number of pools: 1
2022-04-13 23:16:32 0 [Note] InnoDB: Using SSE2 crc32 instructions
2022-04-13 23:16:32 0 [Note] InnoDB: Initializing buffer pool, total size = 16M, instances = 1, chunk size = 16M
2022-04-13 23:16:32 0 [Note] InnoDB: Completed initialization of buffer pool
2022-04-13 23:16:32 0 [Note] InnoDB: Starting crash recovery from checkpoint LSN=1936357
2022-04-13 23:16:32 0 [Note] InnoDB: 128 out of 128 rollback segments are active.
2022-04-13 23:16:32 0 [Note] InnoDB: Removed temporary tablespace data file: "ibtmp1"
2022-04-13 23:16:32 0 [Note] InnoDB: Creating shared tablespace for temporary tables
2022-04-13 23:16:32 0 [Note] InnoDB: Setting file 'C:\xampp\mysql\data\ibtmp1' size to 12 MB. Physically writing the file full; Please wait ...
2022-04-13 23:16:32 0 [Note] InnoDB: File 'C:\xampp\mysql\data\ibtmp1' size is now 12 MB.
2022-04-13 23:16:32 0 [Note] InnoDB: Waiting for purge to start
2022-04-13 23:16:32 0 [Note] InnoDB: 10.4.22 started; log sequence number 1936366; transaction id 742
2022-04-13 23:16:32 0 [Note] InnoDB: Loading buffer pool(s) from C:\xampp\mysql\data\ib_buffer_pool
2022-04-13 23:16:32 0 [Note] Plugin 'FEEDBACK' is disabled.
2022-04-13 23:16:32 0 [Note] Server socket created on IP: '::'.
2022-04-16  5:12:19 0 [Note] InnoDB: Mutexes and rw_locks use Windows interlocked functions
2022-04-16  5:12:19 0 [Note] InnoDB: Uses event mutexes
2022-04-16  5:12:19 0 [Note] InnoDB: Compressed tables use zlib 1.2.11
2022-04-16  5:12:19 0 [Note] InnoDB: Number of pools: 1
2022-04-16  5:12:19 0 [Note] InnoDB: Using SSE2 crc32 instructions
2022-04-16  5:12:19 0 [Note] InnoDB: Initializing buffer pool, total size = 16M, instances = 1, chunk size = 16M
2022-04-16  5:12:19 0 [Note] InnoDB: Completed initialization of buffer pool
2022-04-16  5:12:19 0 [Note] InnoDB: Starting crash recovery from checkpoint LSN=1943527
2022-04-16  5:12:19 0 [Note] InnoDB: 128 out of 128 rollback segments are active.
2022-04-16  5:12:19 0 [Note] InnoDB: Removed temporary tablespace data file: "ibtmp1"
2022-04-16  5:12:19 0 [Note] InnoDB: Creating shared tablespace for temporary tables
2022-04-16  5:12:19 0 [Note] InnoDB: Setting file 'C:\xampp\mysql\data\ibtmp1' size to 12 MB. Physically writing the file full; Please wait ...
2022-04-16  5:12:19 0 [Note] InnoDB: File 'C:\xampp\mysql\data\ibtmp1' size is now 12 MB.
2022-04-16  5:12:19 0 [Note] InnoDB: Waiting for purge to start
2022-04-16  5:12:19 0 [Note] InnoDB: 10.4.22 started; log sequence number 1943536; transaction id 790
2022-04-16  5:12:19 0 [Note] InnoDB: Loading buffer pool(s) from C:\xampp\mysql\data\ib_buffer_pool
2022-04-16  5:12:19 0 [Note] Plugin 'FEEDBACK' is disabled.
2022-04-16  5:12:19 0 [Note] InnoDB: Buffer pool(s) load completed at 220416  5:12:19
2022-04-16  5:12:20 0 [Note] Server socket created on IP: '::'.
2022-04-16 15:13:11 0 [Note] InnoDB: Mutexes and rw_locks use Windows interlocked functions
2022-04-16 15:13:11 0 [Note] InnoDB: Uses event mutexes
2022-04-16 15:13:11 0 [Note] InnoDB: Compressed tables use zlib 1.2.11
2022-04-16 15:13:11 0 [Note] InnoDB: Number of pools: 1
2022-04-16 15:13:11 0 [Note] InnoDB: Using SSE2 crc32 instructions
2022-04-16 15:13:11 0 [Note] InnoDB: Initializing buffer pool, total size = 16M, instances = 1, chunk size = 16M
2022-04-16 15:13:11 0 [Note] InnoDB: Completed initialization of buffer pool
2022-04-16 15:13:11 0 [Note] InnoDB: Starting crash recovery from checkpoint LSN=2180445
2022-04-16 15:13:12 0 [Note] InnoDB: 128 out of 128 rollback segments are active.
2022-04-16 15:13:12 0 [Note] InnoDB: Removed temporary tablespace data file: "ibtmp1"
2022-04-16 15:13:12 0 [Note] InnoDB: Creating shared tablespace for temporary tables
2022-04-16 15:13:12 0 [Note] InnoDB: Setting file 'C:\xampp\mysql\data\ibtmp1' size to 12 MB. Physically writing the file full; Please wait ...
2022-04-16 15:13:12 0 [Note] InnoDB: File 'C:\xampp\mysql\data\ibtmp1' size is now 12 MB.
2022-04-16 15:13:12 0 [Note] InnoDB: Waiting for purge to start
2022-04-16 15:13:12 0 [Note] InnoDB: 10.4.22 started; log sequence number 2180454; transaction id 864
2022-04-16 15:13:12 0 [Note] InnoDB: Loading buffer pool(s) from C:\xampp\mysql\data\ib_buffer_pool
2022-04-16 15:13:12 0 [Note] Plugin 'FEEDBACK' is disabled.
2022-04-16 15:13:12 0 [Note] InnoDB: Buffer pool(s) load completed at 220416 15:13:12
2022-04-16 15:13:12 0 [Note] Server socket created on IP: '::'.
2022-04-17 23:05:23 0 [Note] InnoDB: Mutexes and rw_locks use Windows interlocked functions
2022-04-17 23:05:23 0 [Note] InnoDB: Uses event mutexes
2022-04-17 23:05:23 0 [Note] InnoDB: Compressed tables use zlib 1.2.11
2022-04-17 23:05:23 0 [Note] InnoDB: Number of pools: 1
2022-04-17 23:05:23 0 [Note] InnoDB: Using SSE2 crc32 instructions
2022-04-17 23:05:23 0 [Note] InnoDB: Initializing buffer pool, total size = 16M, instances = 1, chunk size = 16M
2022-04-17 23:05:23 0 [Note] InnoDB: Completed initialization of buffer pool
2022-04-17 23:05:23 0 [Note] InnoDB: Starting crash recovery from checkpoint LSN=2293480
2022-04-17 23:05:24 0 [Note] InnoDB: 128 out of 128 rollback segments are active.
2022-04-17 23:05:24 0 [Note] InnoDB: Removed temporary tablespace data file: "ibtmp1"
2022-04-17 23:05:24 0 [Note] InnoDB: Creating shared tablespace for temporary tables
2022-04-17 23:05:24 0 [Note] InnoDB: Setting file 'C:\xampp\mysql\data\ibtmp1' size to 12 MB. Physically writing the file full; Please wait ...
2022-04-17 23:05:24 0 [Note] InnoDB: File 'C:\xampp\mysql\data\ibtmp1' size is now 12 MB.
2022-04-17 23:05:24 0 [Note] InnoDB: Waiting for purge to start
2022-04-17 23:05:24 0 [Note] InnoDB: 10.4.22 started; log sequence number 2293489; transaction id 938
2022-04-17 23:05:24 0 [Note] InnoDB: Loading buffer pool(s) from C:\xampp\mysql\data\ib_buffer_pool
2022-04-17 23:05:24 0 [Note] Plugin 'FEEDBACK' is disabled.
2022-04-17 23:05:24 0 [Note] InnoDB: Buffer pool(s) load completed at 220417 23:05:24
2022-04-17 23:05:24 0 [Note] Server socket created on IP: '::'.
2022-04-23  8:54:43 0 [Note] InnoDB: Mutexes and rw_locks use Windows interlocked functions
2022-04-23  8:54:43 0 [Note] InnoDB: Uses event mutexes
2022-04-23  8:54:43 0 [Note] InnoDB: Compressed tables use zlib 1.2.11
2022-04-23  8:54:43 0 [Note] InnoDB: Number of pools: 1
2022-04-23  8:54:43 0 [Note] InnoDB: Using SSE2 crc32 instructions
2022-04-23  8:54:43 0 [Note] InnoDB: Initializing buffer pool, total size = 16M, instances = 1, chunk size = 16M
2022-04-23  8:54:43 0 [Note] InnoDB: Completed initialization of buffer pool
2022-04-23  8:54:43 0 [Note] InnoDB: Starting crash recovery from checkpoint LSN=2315596
2022-04-23  8:54:44 0 [Note] InnoDB: 128 out of 128 rollback segments are active.
2022-04-23  8:54:44 0 [Note] InnoDB: Removed temporary tablespace data file: "ibtmp1"
2022-04-23  8:54:44 0 [Note] InnoDB: Creating shared tablespace for temporary tables
2022-04-23  8:54:44 0 [Note] InnoDB: Setting file 'C:\xampp\mysql\data\ibtmp1' size to 12 MB. Physically writing the file full; Please wait ...
2022-04-23  8:54:44 0 [Note] InnoDB: File 'C:\xampp\mysql\data\ibtmp1' size is now 12 MB.
2022-04-23  8:54:44 0 [Note] InnoDB: Waiting for purge to start
2022-04-23  8:54:44 0 [Note] InnoDB: 10.4.22 started; log sequence number 2315605; transaction id 1016
2022-04-23  8:54:44 0 [Note] InnoDB: Loading buffer pool(s) from C:\xampp\mysql\data\ib_buffer_pool
2022-04-23  8:54:44 0 [Note] Plugin 'FEEDBACK' is disabled.
2022-04-23  8:54:44 0 [Note] InnoDB: Buffer pool(s) load completed at 220423  8:54:44
2022-04-23  8:54:44 0 [Note] Server socket created on IP: '::'.
